Using pre-set license
Built from '2021.3/staging' branch; Version is '2021.3.16f1 (4016570cf34f) revision 4200023'; Using compiler version '192829333'; Build Type 'Release'
OS: 'Windows 10  (10.0.19045) 64bit Professional' Language: 'en' Physical Memory: 16085 MB
BatchMode: 1, IsHumanControllingUs: 0, StartBugReporterOnCrash: 0, Is64bit: 1, IsPro: 1

COMMAND LINE ARGUMENTS:
C:\Program Files\Unity\Hub\Editor\2021.3.16f1\Editor\Unity.exe
-adb2
-batchMode
-noUpm
-name
AssetImportWorker2
-projectPath
C:/Users/Onur/MIT_Reality_Hack
-logFile
Logs/AssetImportWorker2.log
-srvPort
52063
Successfully changed project path to: C:/Users/Onur/MIT_Reality_Hack
C:/Users/Onur/MIT_Reality_Hack
[UnityMemory] Configuration Parameters - Can be set up in boot.config
    "memorysetup-bucket-allocator-granularity=16"
    "memorysetup-bucket-allocator-bucket-count=8"
    "memorysetup-bucket-allocator-block-size=33554432"
    "memorysetup-bucket-allocator-block-count=8"
    "memorysetup-main-allocator-block-size=16777216"
    "memorysetup-thread-allocator-block-size=16777216"
    "memorysetup-gfx-main-allocator-block-size=16777216"
    "memorysetup-gfx-thread-allocator-block-size=16777216"
    "memorysetup-cache-allocator-block-size=4194304"
    "memorysetup-typetree-allocator-block-size=2097152"
    "memorysetup-profiler-bucket-allocator-granularity=16"
    "memorysetup-profiler-bucket-allocator-bucket-count=8"
    "memorysetup-profiler-bucket-allocator-block-size=33554432"
    "memorysetup-profiler-bucket-allocator-block-count=8"
    "memorysetup-profiler-allocator-block-size=16777216"
    "memorysetup-profiler-editor-allocator-block-size=1048576"
    "memorysetup-temp-allocator-size-main=16777216"
    "memorysetup-job-temp-allocator-block-size=2097152"
    "memorysetup-job-temp-allocator-block-size-background=1048576"
    "memorysetup-job-temp-allocator-reduction-small-platforms=262144"
    "memorysetup-temp-allocator-size-background-worker=32768"
    "memorysetup-temp-allocator-size-job-worker=262144"
    "memorysetup-temp-allocator-size-preload-manager=33554432"
    "memorysetup-temp-allocator-size-nav-mesh-worker=65536"
    "memorysetup-temp-allocator-size-audio-worker=65536"
    "memorysetup-temp-allocator-size-cloud-worker=32768"
    "memorysetup-temp-allocator-size-gi-baking-worker=262144"
    "memorysetup-temp-allocator-size-gfx=262144"
Player connection [20584] Host "[IP] 10.189.7.19 [Port] 0 [Flags] 2 [Guid] 3468422036 [EditorId] 3468422036 [Version] 1048832 [Id] WindowsEditor(7,MSI) [Debug] 1 [PackageName] WindowsEditor [ProjectName] Editor" joined multi-casting on [225.0.0.222:54997]...

Player connection [20584] Host "[IP] 10.189.7.19 [Port] 0 [Flags] 2 [Guid] 3468422036 [EditorId] 3468422036 [Version] 1048832 [Id] WindowsEditor(7,MSI) [Debug] 1 [PackageName] WindowsEditor [ProjectName] Editor" joined alternative multi-casting on [225.0.0.222:34997]...

Refreshing native plugins compatible for Editor in 797.42 ms, found 7 plugins.
Preloading 0 native plugins for Editor in 0.00 ms.
Initialize engine version: 2021.3.16f1 (4016570cf34f)
[Subsystems] Discovering subsystems at path C:/Program Files/Unity/Hub/Editor/2021.3.16f1/Editor/Data/Resources/UnitySubsystems
[Subsystems] Discovering subsystems at path C:/Users/Onur/MIT_Reality_Hack/Assets
GfxDevice: creating device client; threaded=0; jobified=0
Direct3D:
    Version:  Direct3D 11.0 [level 11.1]
    Renderer: NVIDIA GeForce RTX 3080 Laptop GPU (ID=0x249c)
    Vendor:   NVIDIA
    VRAM:     8041 MB
    Driver:   30.0.14.7141
Initialize mono
Mono path[0] = 'C:/Program Files/Unity/Hub/Editor/2021.3.16f1/Editor/Data/Managed'
Mono path[1] = 'C:/Program Files/Unity/Hub/Editor/2021.3.16f1/Editor/Data/MonoBleedingEdge/lib/mono/unityjit-win32'
Mono config path = 'C:/Program Files/Unity/Hub/Editor/2021.3.16f1/Editor/Data/MonoBleedingEdge/etc'
Using monoOptions --debugger-agent=transport=dt_socket,embedding=1,server=y,suspend=n,address=127.0.0.1:56528
Begin MonoManager ReloadAssembly
Registering precompiled unity dll's ...
Register platform support module: C:/Program Files/Unity/Hub/Editor/2021.3.16f1/Editor/Data/PlaybackEngines/WebGLSupport/UnityEditor.WebGL.Extensions.dll
Register platform support module: C:/Program Files/Unity/Hub/Editor/2021.3.16f1/Editor/Data/PlaybackEngines/AndroidPlayer/UnityEditor.Android.Extensions.dll
Register platform support module: C:/Program Files/Unity/Hub/Editor/2021.3.16f1/Editor/Data/PlaybackEngines/WindowsStandaloneSupport/UnityEditor.WindowsStandalone.Extensions.dll
Registered in 0.050538 seconds.
Native extension for WindowsStandalone target not found
Native extension for Android target not found
Native extension for WebGL target not found
Refreshing native plugins compatible for Editor in 1043.09 ms, found 7 plugins.
Preloading 0 native plugins for Editor in 0.00 ms.
Mono: successfully reloaded assembly
- Completed reload, in  5.086 seconds
Domain Reload Profiling:
	ReloadAssembly (5089ms)
		BeginReloadAssembly (414ms)
			ExecutionOrderSort (0ms)
			DisableScriptedObjects (0ms)
			BackupInstance (0ms)
			ReleaseScriptingObjects (0ms)
			CreateAndSetChildDomain (4ms)
		EndReloadAssembly (4051ms)
			LoadAssemblies (403ms)
			RebuildTransferFunctionScriptingTraits (0ms)
			SetupTypeCache (607ms)
			ReleaseScriptCaches (0ms)
			RebuildScriptCaches (116ms)
			SetupLoadedEditorAssemblies (3040ms)
				LogAssemblyErrors (0ms)
				InitializePlatformSupportModulesInManaged (305ms)
				SetLoadedEditorAssemblies (1ms)
				RefreshPlugins (1043ms)
				BeforeProcessingInitializeOnLoad (18ms)
				ProcessInitializeOnLoadAttributes (1135ms)
				ProcessInitializeOnLoadMethodAttributes (537ms)
				AfterProcessingInitializeOnLoad (0ms)
				EditorAssembliesLoaded (0ms)
			ExecutionOrderSort2 (0ms)
			AwakeInstancesAfterBackupRestoration (0ms)
Platform modules already initialized, skipping
Registering precompiled user dll's ...
Registered in 0.062233 seconds.
Android Extension - Scanning For ADB Devices 7622 ms
Begin MonoManager ReloadAssembly
Symbol file LoadedFromMemory doesn't match image C:\Users\Onur\MIT_Reality_Hack\Library\PackageCache\com.unity.visualscripting@1.7.8\Editor\VisualScripting.Core\Dependencies\DotNetZip\Unity.VisualScripting.IonicZip.dll
Symbol file LoadedFromMemory doesn't match image C:\Users\Onur\MIT_Reality_Hack\Library\PackageCache\com.unity.visualscripting@1.7.8\Editor\VisualScripting.Core\Dependencies\YamlDotNet\Unity.VisualScripting.YamlDotNet.dll
Native extension for WindowsStandalone target not found
Native extension for Android target not found
Native extension for WebGL target not found
Refreshing native plugins compatible for Editor in 844.57 ms, found 7 plugins.
Preloading 0 native plugins for Editor in 0.00 ms.
Package Manager log level set to [2]
Wave.XR.VIVEFocus3Controller VIVEFocus3Controller() WVR_CR_Left_001
UnityEngine.StackTraceUtility:ExtractStackTrace ()
UnityEngine.DebugLogHandler:LogFormat (UnityEngine.LogType,UnityEngine.Object,string,object[])
UnityEngine.Logger:Log (UnityEngine.LogType,object)
UnityEngine.Debug:Log (object)
Wave.XR.VIVEFocus3Controller:DEBUG (string) (at Library/PackageCache/com.htc.upm.wave.xrsdk@5.1.0-r.15/Runtime/VIVEFocus3Controller.cs:33)
Wave.XR.VIVEFocus3Controller:.cctor () (at Library/PackageCache/com.htc.upm.wave.xrsdk@5.1.0-r.15/Runtime/VIVEFocus3Controller.cs:50)
System.Runtime.CompilerServices.RuntimeHelpers:RunClassConstructor (System.RuntimeTypeHandle)
UnityEditor.EditorAssemblies:ProcessInitializeOnLoadAttributes (System.Type[])

(Filename: Library/PackageCache/com.htc.upm.wave.xrsdk@5.1.0-r.15/Runtime/VIVEFocus3Controller.cs Line: 33)

Wave.XR.VIVEFocus3Controller VIVEFocus3Controller() WVR_CR_Right_001
UnityEngine.StackTraceUtility:ExtractStackTrace ()
UnityEngine.DebugLogHandler:LogFormat (UnityEngine.LogType,UnityEngine.Object,string,object[])
UnityEngine.Logger:Log (UnityEngine.LogType,object)
UnityEngine.Debug:Log (object)
Wave.XR.VIVEFocus3Controller:DEBUG (string) (at Library/PackageCache/com.htc.upm.wave.xrsdk@5.1.0-r.15/Runtime/VIVEFocus3Controller.cs:33)
Wave.XR.VIVEFocus3Controller:.cctor () (at Library/PackageCache/com.htc.upm.wave.xrsdk@5.1.0-r.15/Runtime/VIVEFocus3Controller.cs:58)
System.Runtime.CompilerServices.RuntimeHelpers:RunClassConstructor (System.RuntimeTypeHandle)
UnityEditor.EditorAssemblies:ProcessInitializeOnLoadAttributes (System.Type[])

(Filename: Library/PackageCache/com.htc.upm.wave.xrsdk@5.1.0-r.15/Runtime/VIVEFocus3Controller.cs Line: 33)

Wave.XR.VIVEFocus3HMD VIVEFocus3HMD()
UnityEngine.StackTraceUtility:ExtractStackTrace ()
UnityEngine.DebugLogHandler:LogFormat (UnityEngine.LogType,UnityEngine.Object,string,object[])
UnityEngine.Logger:Log (UnityEngine.LogType,object)
UnityEngine.Debug:Log (object)
Wave.XR.VIVEFocus3HMD:DEBUG (string) (at Library/PackageCache/com.htc.upm.wave.xrsdk@5.1.0-r.15/Runtime/VIVEFocus3HMD.cs:33)
Wave.XR.VIVEFocus3HMD:.cctor () (at Library/PackageCache/com.htc.upm.wave.xrsdk@5.1.0-r.15/Runtime/VIVEFocus3HMD.cs:51)
System.Runtime.CompilerServices.RuntimeHelpers:RunClassConstructor (System.RuntimeTypeHandle)
UnityEditor.EditorAssemblies:ProcessInitializeOnLoadAttributes (System.Type[])

(Filename: Library/PackageCache/com.htc.upm.wave.xrsdk@5.1.0-r.15/Runtime/VIVEFocus3HMD.cs Line: 33)

InteractionModeManagerSettings() registered EditorSceneManager.sceneOpened.
UnityEngine.StackTraceUtility:ExtractStackTrace ()
UnityEngine.DebugLogHandler:LogFormat (UnityEngine.LogType,UnityEngine.Object,string,object[])
UnityEngine.Logger:Log (UnityEngine.LogType,object)
UnityEngine.Debug:Log (object)
Wave.Essence.Interaction.Mode.Editor.InteractionModeManagerSettings:.cctor () (at Assets/Wave/Essence/Interaction/Mode/5.1.0-r.15/Editor/InteractionModeManagerEditor.cs:57)
System.Runtime.CompilerServices.RuntimeHelpers:RunClassConstructor (System.RuntimeTypeHandle)
UnityEditor.EditorAssemblies:ProcessInitializeOnLoadAttributes (System.Type[])

(Filename: Assets/Wave/Essence/Interaction/Mode/5.1.0-r.15/Editor/InteractionModeManagerEditor.cs Line: 57)

PackageInfo()
UnityEngine.StackTraceUtility:ExtractStackTrace ()
UnityEngine.DebugLogHandler:LogFormat (UnityEngine.LogType,UnityEngine.Object,string,object[])
UnityEngine.Logger:Log (UnityEngine.LogType,object)
UnityEngine.Debug:Log (object)
Wave.Essence.Editor.PackageInfo:.cctor () (at Library/PackageCache/com.htc.upm.wave.essence@5.1.0-r.15/Editor/EssenceSettingsProvider.cs:866)
System.Runtime.CompilerServices.RuntimeHelpers:RunClassConstructor (System.RuntimeTypeHandle)
UnityEditor.EditorAssemblies:ProcessInitializeOnLoadAttributes (System.Type[])

(Filename: Library/PackageCache/com.htc.upm.wave.essence@5.1.0-r.15/Editor/EssenceSettingsProvider.cs Line: 866)

Mono: successfully reloaded assembly
- Completed reload, in  7.159 seconds
Domain Reload Profiling:
	ReloadAssembly (7163ms)
		BeginReloadAssembly (449ms)
			ExecutionOrderSort (0ms)
			DisableScriptedObjects (20ms)
			BackupInstance (0ms)
			ReleaseScriptingObjects (1ms)
			CreateAndSetChildDomain (76ms)
		EndReloadAssembly (6171ms)
			LoadAssemblies (503ms)
			RebuildTransferFunctionScriptingTraits (0ms)
			SetupTypeCache (1678ms)
			ReleaseScriptCaches (4ms)
			RebuildScriptCaches (369ms)
			SetupLoadedEditorAssemblies (3366ms)
				LogAssemblyErrors (0ms)
				InitializePlatformSupportModulesInManaged (79ms)
				SetLoadedEditorAssemblies (1ms)
				RefreshPlugins (845ms)
				BeforeProcessingInitializeOnLoad (649ms)
				ProcessInitializeOnLoadAttributes (1474ms)
				ProcessInitializeOnLoadMethodAttributes (289ms)
				AfterProcessingInitializeOnLoad (28ms)
				EditorAssembliesLoaded (1ms)
			ExecutionOrderSort2 (0ms)
			AwakeInstancesAfterBackupRestoration (16ms)
Platform modules already initialized, skipping
========================================================================
Worker process is ready to serve import requests
Launched and connected shader compiler UnityShaderCompiler.exe after 0.18 seconds
Refreshing native plugins compatible for Editor in 3.30 ms, found 7 plugins.
Preloading 0 native plugins for Editor in 0.00 ms.
Unloading 5949 Unused Serialized files (Serialized files now loaded: 0)
Unloading 44 unused Assets / (511.8 KB). Loaded Objects now: 6403.
Memory consumption went from 230.7 MB to 230.2 MB.
Total: 10.613100 ms (FindLiveObjects: 1.192900 ms CreateObjectMapping: 1.032600 ms MarkObjects: 7.743200 ms  DeleteObjects: 0.641800 ms)

AssetImportParameters requested are different than current active one (requested -> active):
  custom:video-decoder-ogg-theora: a1e56fd34408186e4bbccfd4996cb3dc -> 
  custom:container-muxer-webm: aa71ff27fc2769a1b78a27578f13a17b -> 
  custom:container-demuxer-webm: 4f35f7cbe854078d1ac9338744f61a02 -> 
  custom:video-encoder-webm-vp8: eb34c28f22e8b96e1ab97ce403110664 -> 
  custom:audio-encoder-webm-vorbis: bf7c407c2cedff20999df2af8eb42d56 -> 
  custom:framework-win-MediaFoundation: 216162199b28c13a410421893ffa2e32 -> 
  custom:container-demuxer-ogg: 62fdf1f143b41e24485cea50d1cbac27 -> 
  custom:video-decoder-webm-vp8: 9c59270c3fd7afecdb556c50c9e8de78 -> 
  custom:audio-decoder-ogg-vorbis: bf7c407c2cedff20999df2af8eb42d56 -> 
========================================================================
Received Prepare
Refreshing native plugins compatible for Editor in 70.85 ms, found 7 plugins.
Preloading 0 native plugins for Editor in 0.00 ms.
Unloading 35 Unused Serialized files (Serialized files now loaded: 0)
Unloading 35 unused Assets / (483.7 KB). Loaded Objects now: 6403.
Memory consumption went from 105.1 MB to 104.6 MB.
Total: 40.303000 ms (FindLiveObjects: 1.354200 ms CreateObjectMapping: 0.984700 ms MarkObjects: 34.419500 ms  DeleteObjects: 3.541500 ms)

AssetImportParameters requested are different than current active one (requested -> active):
  custom:video-decoder-ogg-theora: a1e56fd34408186e4bbccfd4996cb3dc -> 
  custom:container-muxer-webm: aa71ff27fc2769a1b78a27578f13a17b -> 
  custom:container-demuxer-webm: 4f35f7cbe854078d1ac9338744f61a02 -> 
  custom:video-encoder-webm-vp8: eb34c28f22e8b96e1ab97ce403110664 -> 
  custom:audio-encoder-webm-vorbis: bf7c407c2cedff20999df2af8eb42d56 -> 
  custom:framework-win-MediaFoundation: 216162199b28c13a410421893ffa2e32 -> 
  custom:container-demuxer-ogg: 62fdf1f143b41e24485cea50d1cbac27 -> 
  custom:video-decoder-webm-vp8: 9c59270c3fd7afecdb556c50c9e8de78 -> 
  custom:audio-decoder-ogg-vorbis: bf7c407c2cedff20999df2af8eb42d56 -> 
========================================================================
Received Import Request.
  Time since last request: 12850.546833 seconds.
  path: Packages/com.htc.upm.wave.essence/Runtime/Scripts/HandTracking/StaticGesture/GestureHandUtils.cs
  artifactKey: Guid(2774b6d98b212a44d95c09d838fbe820) Importer(815301076,1909f56bfc062723c751e8b465ee728b)
Start importing Packages/com.htc.upm.wave.essence/Runtime/Scripts/HandTracking/StaticGesture/GestureHandUtils.cs using Guid(2774b6d98b212a44d95c09d838fbe820) Importer(815301076,1909f56bfc062723c751e8b465ee728b)  -> (artifact id: '3594543e60c655d88777c9d69537a715') in 0.052365 seconds 
========================================================================
Received Import Request.
  Time since last request: 1.674193 seconds.
  path: Packages/com.htc.upm.wave.essence/Runtime/Scripts/HandTracking/StaticGesture/DualHandGestureProducer.cs
  artifactKey: Guid(6ef8f228454726842b8ca5005f0223e4) Importer(815301076,1909f56bfc062723c751e8b465ee728b)
Start importing Packages/com.htc.upm.wave.essence/Runtime/Scripts/HandTracking/StaticGesture/DualHandGestureProducer.cs using Guid(6ef8f228454726842b8ca5005f0223e4) Importer(815301076,1909f56bfc062723c751e8b465ee728b)  -> (artifact id: '0c09a945b8f8c9b8a94867a0a6314884') in 0.007274 seconds 
========================================================================
Received Import Request.
  Time since last request: 10.101185 seconds.
  path: Packages/com.htc.upm.wave.essence/Runtime/Scripts/HandTracking/StaticGesture/CustomGestureProvider.cs
  artifactKey: Guid(a018875c92a4c0b47ad190cdfec582f5) Importer(815301076,1909f56bfc062723c751e8b465ee728b)
Start importing Packages/com.htc.upm.wave.essence/Runtime/Scripts/HandTracking/StaticGesture/CustomGestureProvider.cs using Guid(a018875c92a4c0b47ad190cdfec582f5) Importer(815301076,1909f56bfc062723c751e8b465ee728b)  -> (artifact id: '7e451c427a5cccd20b26ed2099ac7744') in 0.008743 seconds 
========================================================================
Received Import Request.
  Time since last request: 1821.869279 seconds.
  path: Assets/Scenes/New Lighting Settings.lighting
  artifactKey: Guid(e769b8ad26ea4374f9e7fc76eb9627d0) Importer(815301076,1909f56bfc062723c751e8b465ee728b)
Start importing Assets/Scenes/New Lighting Settings.lighting using Guid(e769b8ad26ea4374f9e7fc76eb9627d0) Importer(815301076,1909f56bfc062723c751e8b465ee728b)  -> (artifact id: '290b8a5b6b65d4e8f1604c52032d85c8') in 0.095889 seconds 
========================================================================
Received Import Request.
  Time since last request: 3.161535 seconds.
  path: Assets/Scenes/Scripts
  artifactKey: Guid(5725edfcb14c4824c8048139fd46a0af) Importer(815301076,1909f56bfc062723c751e8b465ee728b)
Start importing Assets/Scenes/Scripts using Guid(5725edfcb14c4824c8048139fd46a0af) Importer(815301076,1909f56bfc062723c751e8b465ee728b)  -> (artifact id: '36f175c45785f8346e24d95cb1c5a8bb') in 0.017504 seconds 
========================================================================
Received Import Request.
  Time since last request: 7.565982 seconds.
  path: Assets/Scripts/New LightmapParameters.giparams
  artifactKey: Guid(de5e4d8007607364cb13ff283f22a3c3) Importer(815301076,1909f56bfc062723c751e8b465ee728b)
Start importing Assets/Scripts/New LightmapParameters.giparams using Guid(de5e4d8007607364cb13ff283f22a3c3) Importer(815301076,1909f56bfc062723c751e8b465ee728b)  -> (artifact id: 'faca599301f2d10e1decaf6c896d788d') in 0.022687 seconds 
========================================================================
Received Import Request.
  Time since last request: 11.323401 seconds.
  path: Assets/Scripts/GestureDetection.cs
  artifactKey: Guid(0ef424cc15b416746b5230d55e9741de) Importer(815301076,1909f56bfc062723c751e8b465ee728b)
Start importing Assets/Scripts/GestureDetection.cs using Guid(0ef424cc15b416746b5230d55e9741de) Importer(815301076,1909f56bfc062723c751e8b465ee728b)  -> (artifact id: 'aa43de1be921bc313a692571cbbb4045') in 0.016820 seconds 
========================================================================
Received Prepare
Registering precompiled user dll's ...
Registered in 0.028883 seconds.
Begin MonoManager ReloadAssembly
Symbol file LoadedFromMemory doesn't match image C:\Users\Onur\MIT_Reality_Hack\Library\PackageCache\com.unity.visualscripting@1.7.8\Editor\VisualScripting.Core\Dependencies\DotNetZip\Unity.VisualScripting.IonicZip.dll
Symbol file LoadedFromMemory doesn't match image C:\Users\Onur\MIT_Reality_Hack\Library\PackageCache\com.unity.visualscripting@1.7.8\Editor\VisualScripting.Core\Dependencies\YamlDotNet\Unity.VisualScripting.YamlDotNet.dll
Native extension for WindowsStandalone target not found
Native extension for Android target not found
Native extension for WebGL target not found
Refreshing native plugins compatible for Editor in 3.14 ms, found 7 plugins.
Preloading 0 native plugins for Editor in 0.00 ms.
Wave.XR.VIVEFocus3Controller VIVEFocus3Controller() WVR_CR_Left_001
UnityEngine.StackTraceUtility:ExtractStackTrace ()
UnityEngine.DebugLogHandler:LogFormat (UnityEngine.LogType,UnityEngine.Object,string,object[])
UnityEngine.Logger:Log (UnityEngine.LogType,object)
UnityEngine.Debug:Log (object)
Wave.XR.VIVEFocus3Controller:DEBUG (string) (at Library/PackageCache/com.htc.upm.wave.xrsdk@5.1.0-r.15/Runtime/VIVEFocus3Controller.cs:33)
Wave.XR.VIVEFocus3Controller:.cctor () (at Library/PackageCache/com.htc.upm.wave.xrsdk@5.1.0-r.15/Runtime/VIVEFocus3Controller.cs:50)
System.Runtime.CompilerServices.RuntimeHelpers:RunClassConstructor (System.RuntimeTypeHandle)
UnityEditor.EditorAssemblies:ProcessInitializeOnLoadAttributes (System.Type[])

(Filename: Library/PackageCache/com.htc.upm.wave.xrsdk@5.1.0-r.15/Runtime/VIVEFocus3Controller.cs Line: 33)

Wave.XR.VIVEFocus3Controller VIVEFocus3Controller() WVR_CR_Right_001
UnityEngine.StackTraceUtility:ExtractStackTrace ()
UnityEngine.DebugLogHandler:LogFormat (UnityEngine.LogType,UnityEngine.Object,string,object[])
UnityEngine.Logger:Log (UnityEngine.LogType,object)
UnityEngine.Debug:Log (object)
Wave.XR.VIVEFocus3Controller:DEBUG (string) (at Library/PackageCache/com.htc.upm.wave.xrsdk@5.1.0-r.15/Runtime/VIVEFocus3Controller.cs:33)
Wave.XR.VIVEFocus3Controller:.cctor () (at Library/PackageCache/com.htc.upm.wave.xrsdk@5.1.0-r.15/Runtime/VIVEFocus3Controller.cs:58)
System.Runtime.CompilerServices.RuntimeHelpers:RunClassConstructor (System.RuntimeTypeHandle)
UnityEditor.EditorAssemblies:ProcessInitializeOnLoadAttributes (System.Type[])

(Filename: Library/PackageCache/com.htc.upm.wave.xrsdk@5.1.0-r.15/Runtime/VIVEFocus3Controller.cs Line: 33)

Wave.XR.VIVEFocus3HMD VIVEFocus3HMD()
UnityEngine.StackTraceUtility:ExtractStackTrace ()
UnityEngine.DebugLogHandler:LogFormat (UnityEngine.LogType,UnityEngine.Object,string,object[])
UnityEngine.Logger:Log (UnityEngine.LogType,object)
UnityEngine.Debug:Log (object)
Wave.XR.VIVEFocus3HMD:DEBUG (string) (at Library/PackageCache/com.htc.upm.wave.xrsdk@5.1.0-r.15/Runtime/VIVEFocus3HMD.cs:33)
Wave.XR.VIVEFocus3HMD:.cctor () (at Library/PackageCache/com.htc.upm.wave.xrsdk@5.1.0-r.15/Runtime/VIVEFocus3HMD.cs:51)
System.Runtime.CompilerServices.RuntimeHelpers:RunClassConstructor (System.RuntimeTypeHandle)
UnityEditor.EditorAssemblies:ProcessInitializeOnLoadAttributes (System.Type[])

(Filename: Library/PackageCache/com.htc.upm.wave.xrsdk@5.1.0-r.15/Runtime/VIVEFocus3HMD.cs Line: 33)

InteractionModeManagerSettings() registered EditorSceneManager.sceneOpened.
UnityEngine.StackTraceUtility:ExtractStackTrace ()
UnityEngine.DebugLogHandler:LogFormat (UnityEngine.LogType,UnityEngine.Object,string,object[])
UnityEngine.Logger:Log (UnityEngine.LogType,object)
UnityEngine.Debug:Log (object)
Wave.Essence.Interaction.Mode.Editor.InteractionModeManagerSettings:.cctor () (at Assets/Wave/Essence/Interaction/Mode/5.1.0-r.15/Editor/InteractionModeManagerEditor.cs:57)
System.Runtime.CompilerServices.RuntimeHelpers:RunClassConstructor (System.RuntimeTypeHandle)
UnityEditor.EditorAssemblies:ProcessInitializeOnLoadAttributes (System.Type[])

(Filename: Assets/Wave/Essence/Interaction/Mode/5.1.0-r.15/Editor/InteractionModeManagerEditor.cs Line: 57)

PackageInfo()
UnityEngine.StackTraceUtility:ExtractStackTrace ()
UnityEngine.DebugLogHandler:LogFormat (UnityEngine.LogType,UnityEngine.Object,string,object[])
UnityEngine.Logger:Log (UnityEngine.LogType,object)
UnityEngine.Debug:Log (object)
Wave.Essence.Editor.PackageInfo:.cctor () (at Library/PackageCache/com.htc.upm.wave.essence@5.1.0-r.15/Editor/EssenceSettingsProvider.cs:866)
System.Runtime.CompilerServices.RuntimeHelpers:RunClassConstructor (System.RuntimeTypeHandle)
UnityEditor.EditorAssemblies:ProcessInitializeOnLoadAttributes (System.Type[])

(Filename: Library/PackageCache/com.htc.upm.wave.essence@5.1.0-r.15/Editor/EssenceSettingsProvider.cs Line: 866)

Mono: successfully reloaded assembly
- Completed reload, in  6.048 seconds
Domain Reload Profiling:
	ReloadAssembly (6050ms)
		BeginReloadAssembly (592ms)
			ExecutionOrderSort (0ms)
			DisableScriptedObjects (26ms)
			BackupInstance (0ms)
			ReleaseScriptingObjects (0ms)
			CreateAndSetChildDomain (173ms)
		EndReloadAssembly (4949ms)
			LoadAssemblies (448ms)
			RebuildTransferFunctionScriptingTraits (0ms)
			SetupTypeCache (1507ms)
			ReleaseScriptCaches (6ms)
			RebuildScriptCaches (219ms)
			SetupLoadedEditorAssemblies (2563ms)
				LogAssemblyErrors (0ms)
				InitializePlatformSupportModulesInManaged (82ms)
				SetLoadedEditorAssemblies (2ms)
				RefreshPlugins (3ms)
				BeforeProcessingInitializeOnLoad (538ms)
				ProcessInitializeOnLoadAttributes (1492ms)
				ProcessInitializeOnLoadMethodAttributes (406ms)
				AfterProcessingInitializeOnLoad (39ms)
				EditorAssembliesLoaded (1ms)
			ExecutionOrderSort2 (0ms)
			AwakeInstancesAfterBackupRestoration (25ms)
Platform modules already initialized, skipping
Refreshing native plugins compatible for Editor in 15.79 ms, found 7 plugins.
Preloading 0 native plugins for Editor in 0.00 ms.
Unloading 5838 Unused Serialized files (Serialized files now loaded: 0)
Unloading 34 unused Assets / (494.1 KB). Loaded Objects now: 6409.
Memory consumption went from 232.2 MB to 231.7 MB.
Total: 14.801400 ms (FindLiveObjects: 1.213500 ms CreateObjectMapping: 0.555500 ms MarkObjects: 11.601600 ms  DeleteObjects: 1.426800 ms)

AssetImportParameters requested are different than current active one (requested -> active):
  custom:video-decoder-ogg-theora: a1e56fd34408186e4bbccfd4996cb3dc -> 
  custom:container-muxer-webm: aa71ff27fc2769a1b78a27578f13a17b -> 
  custom:container-demuxer-webm: 4f35f7cbe854078d1ac9338744f61a02 -> 
  custom:video-encoder-webm-vp8: eb34c28f22e8b96e1ab97ce403110664 -> 
  custom:audio-encoder-webm-vorbis: bf7c407c2cedff20999df2af8eb42d56 -> 
  custom:framework-win-MediaFoundation: 216162199b28c13a410421893ffa2e32 -> 
  custom:container-demuxer-ogg: 62fdf1f143b41e24485cea50d1cbac27 -> 
  custom:video-decoder-webm-vp8: 9c59270c3fd7afecdb556c50c9e8de78 -> 
  custom:audio-decoder-ogg-vorbis: bf7c407c2cedff20999df2af8eb42d56 -> 
========================================================================
Received Import Request.
  Time since last request: 37.417729 seconds.
  path: Assets/Scripts/GestureDetection.cs
  artifactKey: Guid(0ef424cc15b416746b5230d55e9741de) Importer(815301076,1909f56bfc062723c751e8b465ee728b)
Start importing Assets/Scripts/GestureDetection.cs using Guid(0ef424cc15b416746b5230d55e9741de) Importer(815301076,1909f56bfc062723c751e8b465ee728b)  -> (artifact id: '8c4e6e2318a61f71c9efe0c67fe48b4f') in 0.023362 seconds 
========================================================================
Received Import Request.
  Time since last request: 222.792515 seconds.
  path: Assets/Scripts/GestureDetection.cs
  artifactKey: Guid(0ef424cc15b416746b5230d55e9741de) Importer(815301076,1909f56bfc062723c751e8b465ee728b)
Start importing Assets/Scripts/GestureDetection.cs using Guid(0ef424cc15b416746b5230d55e9741de) Importer(815301076,1909f56bfc062723c751e8b465ee728b)  -> (artifact id: '2a84b44804665e1e96afe743a9ee995a') in 0.004844 seconds 
========================================================================
Received Prepare
Registering precompiled user dll's ...
Registered in 0.040605 seconds.
Begin MonoManager ReloadAssembly
Symbol file LoadedFromMemory doesn't match image C:\Users\Onur\MIT_Reality_Hack\Library\PackageCache\com.unity.visualscripting@1.7.8\Editor\VisualScripting.Core\Dependencies\DotNetZip\Unity.VisualScripting.IonicZip.dll
Symbol file LoadedFromMemory doesn't match image C:\Users\Onur\MIT_Reality_Hack\Library\PackageCache\com.unity.visualscripting@1.7.8\Editor\VisualScripting.Core\Dependencies\YamlDotNet\Unity.VisualScripting.YamlDotNet.dll
Native extension for WindowsStandalone target not found
Native extension for Android target not found
Native extension for WebGL target not found
Refreshing native plugins compatible for Editor in 3.48 ms, found 7 plugins.
Preloading 0 native plugins for Editor in 0.00 ms.
Wave.XR.VIVEFocus3Controller VIVEFocus3Controller() WVR_CR_Left_001
UnityEngine.StackTraceUtility:ExtractStackTrace ()
UnityEngine.DebugLogHandler:LogFormat (UnityEngine.LogType,UnityEngine.Object,string,object[])
UnityEngine.Logger:Log (UnityEngine.LogType,object)
UnityEngine.Debug:Log (object)
Wave.XR.VIVEFocus3Controller:DEBUG (string) (at Library/PackageCache/com.htc.upm.wave.xrsdk@5.1.0-r.15/Runtime/VIVEFocus3Controller.cs:33)
Wave.XR.VIVEFocus3Controller:.cctor () (at Library/PackageCache/com.htc.upm.wave.xrsdk@5.1.0-r.15/Runtime/VIVEFocus3Controller.cs:50)
System.Runtime.CompilerServices.RuntimeHelpers:RunClassConstructor (System.RuntimeTypeHandle)
UnityEditor.EditorAssemblies:ProcessInitializeOnLoadAttributes (System.Type[])

(Filename: Library/PackageCache/com.htc.upm.wave.xrsdk@5.1.0-r.15/Runtime/VIVEFocus3Controller.cs Line: 33)

Wave.XR.VIVEFocus3Controller VIVEFocus3Controller() WVR_CR_Right_001
UnityEngine.StackTraceUtility:ExtractStackTrace ()
UnityEngine.DebugLogHandler:LogFormat (UnityEngine.LogType,UnityEngine.Object,string,object[])
UnityEngine.Logger:Log (UnityEngine.LogType,object)
UnityEngine.Debug:Log (object)
Wave.XR.VIVEFocus3Controller:DEBUG (string) (at Library/PackageCache/com.htc.upm.wave.xrsdk@5.1.0-r.15/Runtime/VIVEFocus3Controller.cs:33)
Wave.XR.VIVEFocus3Controller:.cctor () (at Library/PackageCache/com.htc.upm.wave.xrsdk@5.1.0-r.15/Runtime/VIVEFocus3Controller.cs:58)
System.Runtime.CompilerServices.RuntimeHelpers:RunClassConstructor (System.RuntimeTypeHandle)
UnityEditor.EditorAssemblies:ProcessInitializeOnLoadAttributes (System.Type[])

(Filename: Library/PackageCache/com.htc.upm.wave.xrsdk@5.1.0-r.15/Runtime/VIVEFocus3Controller.cs Line: 33)

Wave.XR.VIVEFocus3HMD VIVEFocus3HMD()
UnityEngine.StackTraceUtility:ExtractStackTrace ()
UnityEngine.DebugLogHandler:LogFormat (UnityEngine.LogType,UnityEngine.Object,string,object[])
UnityEngine.Logger:Log (UnityEngine.LogType,object)
UnityEngine.Debug:Log (object)
Wave.XR.VIVEFocus3HMD:DEBUG (string) (at Library/PackageCache/com.htc.upm.wave.xrsdk@5.1.0-r.15/Runtime/VIVEFocus3HMD.cs:33)
Wave.XR.VIVEFocus3HMD:.cctor () (at Library/PackageCache/com.htc.upm.wave.xrsdk@5.1.0-r.15/Runtime/VIVEFocus3HMD.cs:51)
System.Runtime.CompilerServices.RuntimeHelpers:RunClassConstructor (System.RuntimeTypeHandle)
UnityEditor.EditorAssemblies:ProcessInitializeOnLoadAttributes (System.Type[])

(Filename: Library/PackageCache/com.htc.upm.wave.xrsdk@5.1.0-r.15/Runtime/VIVEFocus3HMD.cs Line: 33)

InteractionModeManagerSettings() registered EditorSceneManager.sceneOpened.
UnityEngine.StackTraceUtility:ExtractStackTrace ()
UnityEngine.DebugLogHandler:LogFormat (UnityEngine.LogType,UnityEngine.Object,string,object[])
UnityEngine.Logger:Log (UnityEngine.LogType,object)
UnityEngine.Debug:Log (object)
Wave.Essence.Interaction.Mode.Editor.InteractionModeManagerSettings:.cctor () (at Assets/Wave/Essence/Interaction/Mode/5.1.0-r.15/Editor/InteractionModeManagerEditor.cs:57)
System.Runtime.CompilerServices.RuntimeHelpers:RunClassConstructor (System.RuntimeTypeHandle)
UnityEditor.EditorAssemblies:ProcessInitializeOnLoadAttributes (System.Type[])

(Filename: Assets/Wave/Essence/Interaction/Mode/5.1.0-r.15/Editor/InteractionModeManagerEditor.cs Line: 57)

PackageInfo()
UnityEngine.StackTraceUtility:ExtractStackTrace ()
UnityEngine.DebugLogHandler:LogFormat (UnityEngine.LogType,UnityEngine.Object,string,object[])
UnityEngine.Logger:Log (UnityEngine.LogType,object)
UnityEngine.Debug:Log (object)
Wave.Essence.Editor.PackageInfo:.cctor () (at Library/PackageCache/com.htc.upm.wave.essence@5.1.0-r.15/Editor/EssenceSettingsProvider.cs:866)
System.Runtime.CompilerServices.RuntimeHelpers:RunClassConstructor (System.RuntimeTypeHandle)
UnityEditor.EditorAssemblies:ProcessInitializeOnLoadAttributes (System.Type[])

(Filename: Library/PackageCache/com.htc.upm.wave.essence@5.1.0-r.15/Editor/EssenceSettingsProvider.cs Line: 866)

Mono: successfully reloaded assembly
- Completed reload, in  5.639 seconds
Domain Reload Profiling:
	ReloadAssembly (5640ms)
		BeginReloadAssembly (571ms)
			ExecutionOrderSort (0ms)
			DisableScriptedObjects (14ms)
			BackupInstance (0ms)
			ReleaseScriptingObjects (0ms)
			CreateAndSetChildDomain (189ms)
		EndReloadAssembly (4650ms)
			LoadAssemblies (400ms)
			RebuildTransferFunctionScriptingTraits (0ms)
			SetupTypeCache (1350ms)
			ReleaseScriptCaches (5ms)
			RebuildScriptCaches (196ms)
			SetupLoadedEditorAssemblies (2411ms)
				LogAssemblyErrors (0ms)
				InitializePlatformSupportModulesInManaged (96ms)
				SetLoadedEditorAssemblies (2ms)
				RefreshPlugins (4ms)
				BeforeProcessingInitializeOnLoad (476ms)
				ProcessInitializeOnLoadAttributes (1416ms)
				ProcessInitializeOnLoadMethodAttributes (364ms)
				AfterProcessingInitializeOnLoad (52ms)
				EditorAssembliesLoaded (1ms)
			ExecutionOrderSort2 (0ms)
			AwakeInstancesAfterBackupRestoration (24ms)
Platform modules already initialized, skipping
Refreshing native plugins compatible for Editor in 11.57 ms, found 7 plugins.
Preloading 0 native plugins for Editor in 0.00 ms.
Unloading 5839 Unused Serialized files (Serialized files now loaded: 0)
Unloading 35 unused Assets / (493.9 KB). Loaded Objects now: 6413.
Memory consumption went from 231.9 MB to 231.5 MB.
Total: 12.628100 ms (FindLiveObjects: 0.941800 ms CreateObjectMapping: 0.576400 ms MarkObjects: 10.054500 ms  DeleteObjects: 1.050800 ms)

AssetImportParameters requested are different than current active one (requested -> active):
  custom:video-decoder-ogg-theora: a1e56fd34408186e4bbccfd4996cb3dc -> 
  custom:container-muxer-webm: aa71ff27fc2769a1b78a27578f13a17b -> 
  custom:container-demuxer-webm: 4f35f7cbe854078d1ac9338744f61a02 -> 
  custom:video-encoder-webm-vp8: eb34c28f22e8b96e1ab97ce403110664 -> 
  custom:audio-encoder-webm-vorbis: bf7c407c2cedff20999df2af8eb42d56 -> 
  custom:framework-win-MediaFoundation: 216162199b28c13a410421893ffa2e32 -> 
  custom:container-demuxer-ogg: 62fdf1f143b41e24485cea50d1cbac27 -> 
  custom:video-decoder-webm-vp8: 9c59270c3fd7afecdb556c50c9e8de78 -> 
  custom:audio-decoder-ogg-vorbis: bf7c407c2cedff20999df2af8eb42d56 -> 
========================================================================
Received Prepare
Refreshing native plugins compatible for Editor in 20.69 ms, found 7 plugins.
Preloading 0 native plugins for Editor in 0.00 ms.
Unloading 35 Unused Serialized files (Serialized files now loaded: 0)
Unloading 35 unused Assets / (476.0 KB). Loaded Objects now: 6413.
Memory consumption went from 105.5 MB to 105.1 MB.
Total: 15.247500 ms (FindLiveObjects: 0.893400 ms CreateObjectMapping: 0.579600 ms MarkObjects: 12.863600 ms  DeleteObjects: 0.909000 ms)

AssetImportParameters requested are different than current active one (requested -> active):
  custom:video-decoder-ogg-theora: a1e56fd34408186e4bbccfd4996cb3dc -> 
  custom:container-muxer-webm: aa71ff27fc2769a1b78a27578f13a17b -> 
  custom:container-demuxer-webm: 4f35f7cbe854078d1ac9338744f61a02 -> 
  custom:video-encoder-webm-vp8: eb34c28f22e8b96e1ab97ce403110664 -> 
  custom:audio-encoder-webm-vorbis: bf7c407c2cedff20999df2af8eb42d56 -> 
  custom:framework-win-MediaFoundation: 216162199b28c13a410421893ffa2e32 -> 
  custom:container-demuxer-ogg: 62fdf1f143b41e24485cea50d1cbac27 -> 
  custom:video-decoder-webm-vp8: 9c59270c3fd7afecdb556c50c9e8de78 -> 
  custom:audio-decoder-ogg-vorbis: bf7c407c2cedff20999df2af8eb42d56 -> 
========================================================================
Received Prepare
Refreshing native plugins compatible for Editor in 41.46 ms, found 7 plugins.
Preloading 0 native plugins for Editor in 0.00 ms.
Unloading 35 Unused Serialized files (Serialized files now loaded: 0)
Unloading 35 unused Assets / (483.9 KB). Loaded Objects now: 6413.
Memory consumption went from 105.5 MB to 105.1 MB.
Total: 22.923200 ms (FindLiveObjects: 0.945900 ms CreateObjectMapping: 0.854600 ms MarkObjects: 18.126500 ms  DeleteObjects: 2.993500 ms)

AssetImportParameters requested are different than current active one (requested -> active):
  custom:video-decoder-ogg-theora: a1e56fd34408186e4bbccfd4996cb3dc -> 
  custom:container-muxer-webm: aa71ff27fc2769a1b78a27578f13a17b -> 
  custom:container-demuxer-webm: 4f35f7cbe854078d1ac9338744f61a02 -> 
  custom:video-encoder-webm-vp8: eb34c28f22e8b96e1ab97ce403110664 -> 
  custom:audio-encoder-webm-vorbis: bf7c407c2cedff20999df2af8eb42d56 -> 
  custom:framework-win-MediaFoundation: 216162199b28c13a410421893ffa2e32 -> 
  custom:container-demuxer-ogg: 62fdf1f143b41e24485cea50d1cbac27 -> 
  custom:video-decoder-webm-vp8: 9c59270c3fd7afecdb556c50c9e8de78 -> 
  custom:audio-decoder-ogg-vorbis: bf7c407c2cedff20999df2af8eb42d56 -> 
========================================================================
Received Prepare
Registering precompiled user dll's ...
Registered in 0.037629 seconds.
Begin MonoManager ReloadAssembly
Symbol file LoadedFromMemory doesn't match image C:\Users\Onur\MIT_Reality_Hack\Library\PackageCache\com.unity.visualscripting@1.7.8\Editor\VisualScripting.Core\Dependencies\DotNetZip\Unity.VisualScripting.IonicZip.dll
Symbol file LoadedFromMemory doesn't match image C:\Users\Onur\MIT_Reality_Hack\Library\PackageCache\com.unity.visualscripting@1.7.8\Editor\VisualScripting.Core\Dependencies\YamlDotNet\Unity.VisualScripting.YamlDotNet.dll
Native extension for WindowsStandalone target not found
Native extension for Android target not found
Native extension for WebGL target not found
Refreshing native plugins compatible for Editor in 4.75 ms, found 7 plugins.
Preloading 0 native plugins for Editor in 0.00 ms.
Wave.XR.VIVEFocus3Controller VIVEFocus3Controller() WVR_CR_Left_001
UnityEngine.StackTraceUtility:ExtractStackTrace ()
UnityEngine.DebugLogHandler:LogFormat (UnityEngine.LogType,UnityEngine.Object,string,object[])
UnityEngine.Logger:Log (UnityEngine.LogType,object)
UnityEngine.Debug:Log (object)
Wave.XR.VIVEFocus3Controller:DEBUG (string) (at Library/PackageCache/com.htc.upm.wave.xrsdk@5.1.0-r.15/Runtime/VIVEFocus3Controller.cs:33)
Wave.XR.VIVEFocus3Controller:.cctor () (at Library/PackageCache/com.htc.upm.wave.xrsdk@5.1.0-r.15/Runtime/VIVEFocus3Controller.cs:50)
System.Runtime.CompilerServices.RuntimeHelpers:RunClassConstructor (System.RuntimeTypeHandle)
UnityEditor.EditorAssemblies:ProcessInitializeOnLoadAttributes (System.Type[])

(Filename: Library/PackageCache/com.htc.upm.wave.xrsdk@5.1.0-r.15/Runtime/VIVEFocus3Controller.cs Line: 33)

Wave.XR.VIVEFocus3Controller VIVEFocus3Controller() WVR_CR_Right_001
UnityEngine.StackTraceUtility:ExtractStackTrace ()
UnityEngine.DebugLogHandler:LogFormat (UnityEngine.LogType,UnityEngine.Object,string,object[])
UnityEngine.Logger:Log (UnityEngine.LogType,object)
UnityEngine.Debug:Log (object)
Wave.XR.VIVEFocus3Controller:DEBUG (string) (at Library/PackageCache/com.htc.upm.wave.xrsdk@5.1.0-r.15/Runtime/VIVEFocus3Controller.cs:33)
Wave.XR.VIVEFocus3Controller:.cctor () (at Library/PackageCache/com.htc.upm.wave.xrsdk@5.1.0-r.15/Runtime/VIVEFocus3Controller.cs:58)
System.Runtime.CompilerServices.RuntimeHelpers:RunClassConstructor (System.RuntimeTypeHandle)
UnityEditor.EditorAssemblies:ProcessInitializeOnLoadAttributes (System.Type[])

(Filename: Library/PackageCache/com.htc.upm.wave.xrsdk@5.1.0-r.15/Runtime/VIVEFocus3Controller.cs Line: 33)

Wave.XR.VIVEFocus3HMD VIVEFocus3HMD()
UnityEngine.StackTraceUtility:ExtractStackTrace ()
UnityEngine.DebugLogHandler:LogFormat (UnityEngine.LogType,UnityEngine.Object,string,object[])
UnityEngine.Logger:Log (UnityEngine.LogType,object)
UnityEngine.Debug:Log (object)
Wave.XR.VIVEFocus3HMD:DEBUG (string) (at Library/PackageCache/com.htc.upm.wave.xrsdk@5.1.0-r.15/Runtime/VIVEFocus3HMD.cs:33)
Wave.XR.VIVEFocus3HMD:.cctor () (at Library/PackageCache/com.htc.upm.wave.xrsdk@5.1.0-r.15/Runtime/VIVEFocus3HMD.cs:51)
System.Runtime.CompilerServices.RuntimeHelpers:RunClassConstructor (System.RuntimeTypeHandle)
UnityEditor.EditorAssemblies:ProcessInitializeOnLoadAttributes (System.Type[])

(Filename: Library/PackageCache/com.htc.upm.wave.xrsdk@5.1.0-r.15/Runtime/VIVEFocus3HMD.cs Line: 33)

InteractionModeManagerSettings() registered EditorSceneManager.sceneOpened.
UnityEngine.StackTraceUtility:ExtractStackTrace ()
UnityEngine.DebugLogHandler:LogFormat (UnityEngine.LogType,UnityEngine.Object,string,object[])
UnityEngine.Logger:Log (UnityEngine.LogType,object)
UnityEngine.Debug:Log (object)
Wave.Essence.Interaction.Mode.Editor.InteractionModeManagerSettings:.cctor () (at Assets/Wave/Essence/Interaction/Mode/5.1.0-r.15/Editor/InteractionModeManagerEditor.cs:57)
System.Runtime.CompilerServices.RuntimeHelpers:RunClassConstructor (System.RuntimeTypeHandle)
UnityEditor.EditorAssemblies:ProcessInitializeOnLoadAttributes (System.Type[])

(Filename: Assets/Wave/Essence/Interaction/Mode/5.1.0-r.15/Editor/InteractionModeManagerEditor.cs Line: 57)

PackageInfo()
UnityEngine.StackTraceUtility:ExtractStackTrace ()
UnityEngine.DebugLogHandler:LogFormat (UnityEngine.LogType,UnityEngine.Object,string,object[])
UnityEngine.Logger:Log (UnityEngine.LogType,object)
UnityEngine.Debug:Log (object)
Wave.Essence.Editor.PackageInfo:.cctor () (at Library/PackageCache/com.htc.upm.wave.essence@5.1.0-r.15/Editor/EssenceSettingsProvider.cs:866)
System.Runtime.CompilerServices.RuntimeHelpers:RunClassConstructor (System.RuntimeTypeHandle)
UnityEditor.EditorAssemblies:ProcessInitializeOnLoadAttributes (System.Type[])

(Filename: Library/PackageCache/com.htc.upm.wave.essence@5.1.0-r.15/Editor/EssenceSettingsProvider.cs Line: 866)

Mono: successfully reloaded assembly
- Completed reload, in  7.273 seconds
Domain Reload Profiling:
	ReloadAssembly (7276ms)
		BeginReloadAssembly (564ms)
			ExecutionOrderSort (0ms)
			DisableScriptedObjects (15ms)
			BackupInstance (0ms)
			ReleaseScriptingObjects (0ms)
			CreateAndSetChildDomain (167ms)
		EndReloadAssembly (6234ms)
			LoadAssemblies (385ms)
			RebuildTransferFunctionScriptingTraits (0ms)
			SetupTypeCache (1609ms)
			ReleaseScriptCaches (5ms)
			RebuildScriptCaches (205ms)
			SetupLoadedEditorAssemblies (3849ms)
				LogAssemblyErrors (0ms)
				InitializePlatformSupportModulesInManaged (118ms)
				SetLoadedEditorAssemblies (2ms)
				RefreshPlugins (5ms)
				BeforeProcessingInitializeOnLoad (988ms)
				ProcessInitializeOnLoadAttributes (2431ms)
				ProcessInitializeOnLoadMethodAttributes (277ms)
				AfterProcessingInitializeOnLoad (27ms)
				EditorAssembliesLoaded (1ms)
			ExecutionOrderSort2 (0ms)
			AwakeInstancesAfterBackupRestoration (16ms)
Platform modules already initialized, skipping
Refreshing native plugins compatible for Editor in 15.59 ms, found 7 plugins.
Preloading 0 native plugins for Editor in 0.00 ms.
Unloading 6129 Unused Serialized files (Serialized files now loaded: 0)
Unloading 34 unused Assets / (493.6 KB). Loaded Objects now: 6708.
Memory consumption went from 240.5 MB to 240.1 MB.
Total: 17.341800 ms (FindLiveObjects: 0.872700 ms CreateObjectMapping: 0.570300 ms MarkObjects: 14.668300 ms  DeleteObjects: 1.227400 ms)

AssetImportParameters requested are different than current active one (requested -> active):
  custom:video-decoder-ogg-theora: a1e56fd34408186e4bbccfd4996cb3dc -> 
  custom:container-muxer-webm: aa71ff27fc2769a1b78a27578f13a17b -> 
  custom:container-demuxer-webm: 4f35f7cbe854078d1ac9338744f61a02 -> 
  custom:video-encoder-webm-vp8: eb34c28f22e8b96e1ab97ce403110664 -> 
  custom:audio-encoder-webm-vorbis: bf7c407c2cedff20999df2af8eb42d56 -> 
  custom:framework-win-MediaFoundation: 216162199b28c13a410421893ffa2e32 -> 
  custom:container-demuxer-ogg: 62fdf1f143b41e24485cea50d1cbac27 -> 
  custom:video-decoder-webm-vp8: 9c59270c3fd7afecdb556c50c9e8de78 -> 
  custom:audio-decoder-ogg-vorbis: bf7c407c2cedff20999df2af8eb42d56 -> 
========================================================================
Received Prepare
Refreshing native plugins compatible for Editor in 90.79 ms, found 7 plugins.
Preloading 0 native plugins for Editor in 0.01 ms.
Unloading 48 Unused Serialized files (Serialized files now loaded: 0)
Unloading 48 unused Assets / (1.1 MB). Loaded Objects now: 6708.
Memory consumption went from 110.5 MB to 109.4 MB.
Total: 30.875300 ms (FindLiveObjects: 3.013900 ms CreateObjectMapping: 1.243900 ms MarkObjects: 15.272800 ms  DeleteObjects: 11.339800 ms)

AssetImportParameters requested are different than current active one (requested -> active):
  custom:video-decoder-ogg-theora: a1e56fd34408186e4bbccfd4996cb3dc -> 
  custom:container-muxer-webm: aa71ff27fc2769a1b78a27578f13a17b -> 
  custom:container-demuxer-webm: 4f35f7cbe854078d1ac9338744f61a02 -> 
  custom:video-encoder-webm-vp8: eb34c28f22e8b96e1ab97ce403110664 -> 
  custom:audio-encoder-webm-vorbis: bf7c407c2cedff20999df2af8eb42d56 -> 
  custom:framework-win-MediaFoundation: 216162199b28c13a410421893ffa2e32 -> 
  custom:container-demuxer-ogg: 62fdf1f143b41e24485cea50d1cbac27 -> 
  custom:video-decoder-webm-vp8: 9c59270c3fd7afecdb556c50c9e8de78 -> 
  custom:audio-decoder-ogg-vorbis: bf7c407c2cedff20999df2af8eb42d56 -> 
========================================================================
Received Import Request.
  Time since last request: 1065.222321 seconds.
  path: Assets/Samples/VIVE Wave XR Plugin - Essence/5.1.0-r.15/Essence/DynamicFR/Scenes/DynamicFR_InteractionMode.asset
  artifactKey: Guid(565673340adf6e5408c7616552093a71) Importer(815301076,1909f56bfc062723c751e8b465ee728b)
Start importing Assets/Samples/VIVE Wave XR Plugin - Essence/5.1.0-r.15/Essence/DynamicFR/Scenes/DynamicFR_InteractionMode.asset using Guid(565673340adf6e5408c7616552093a71) Importer(815301076,1909f56bfc062723c751e8b465ee728b)  -> (artifact id: 'f1da627e0b8b54e6f49722f396a28355') in 0.113105 seconds 
========================================================================
Received Import Request.
  Time since last request: 2.199933 seconds.
  path: Assets/Wave/Essence/Hand/Model/5.1.0-r.15/Demo/NaturalHand.unity
  artifactKey: Guid(5a38ad072c92c8f4ab668c159dadbbed) Importer(815301076,1909f56bfc062723c751e8b465ee728b)
Start importing Assets/Wave/Essence/Hand/Model/5.1.0-r.15/Demo/NaturalHand.unity using Guid(5a38ad072c92c8f4ab668c159dadbbed) Importer(815301076,1909f56bfc062723c751e8b465ee728b)  -> (artifact id: '3fdd5cd945336dc3210053b9ee568cc6') in 0.009498 seconds 
========================================================================
Received Prepare
Registering precompiled user dll's ...
Registered in 0.037302 seconds.
Begin MonoManager ReloadAssembly
Symbol file LoadedFromMemory doesn't match image C:\Users\Onur\MIT_Reality_Hack\Library\PackageCache\com.unity.visualscripting@1.7.8\Editor\VisualScripting.Core\Dependencies\DotNetZip\Unity.VisualScripting.IonicZip.dll
Symbol file LoadedFromMemory doesn't match image C:\Users\Onur\MIT_Reality_Hack\Library\PackageCache\com.unity.visualscripting@1.7.8\Editor\VisualScripting.Core\Dependencies\YamlDotNet\Unity.VisualScripting.YamlDotNet.dll
Native extension for WindowsStandalone target not found
Native extension for Android target not found
Native extension for WebGL target not found
Refreshing native plugins compatible for Editor in 4.98 ms, found 7 plugins.
Preloading 0 native plugins for Editor in 0.00 ms.
Wave.XR.VIVEFocus3Controller VIVEFocus3Controller() WVR_CR_Left_001
UnityEngine.StackTraceUtility:ExtractStackTrace ()
UnityEngine.DebugLogHandler:LogFormat (UnityEngine.LogType,UnityEngine.Object,string,object[])
UnityEngine.Logger:Log (UnityEngine.LogType,object)
UnityEngine.Debug:Log (object)
Wave.XR.VIVEFocus3Controller:DEBUG (string) (at Library/PackageCache/com.htc.upm.wave.xrsdk@5.1.0-r.15/Runtime/VIVEFocus3Controller.cs:33)
Wave.XR.VIVEFocus3Controller:.cctor () (at Library/PackageCache/com.htc.upm.wave.xrsdk@5.1.0-r.15/Runtime/VIVEFocus3Controller.cs:50)
System.Runtime.CompilerServices.RuntimeHelpers:RunClassConstructor (System.RuntimeTypeHandle)
UnityEditor.EditorAssemblies:ProcessInitializeOnLoadAttributes (System.Type[])

(Filename: Library/PackageCache/com.htc.upm.wave.xrsdk@5.1.0-r.15/Runtime/VIVEFocus3Controller.cs Line: 33)

Wave.XR.VIVEFocus3Controller VIVEFocus3Controller() WVR_CR_Right_001
UnityEngine.StackTraceUtility:ExtractStackTrace ()
UnityEngine.DebugLogHandler:LogFormat (UnityEngine.LogType,UnityEngine.Object,string,object[])
UnityEngine.Logger:Log (UnityEngine.LogType,object)
UnityEngine.Debug:Log (object)
Wave.XR.VIVEFocus3Controller:DEBUG (string) (at Library/PackageCache/com.htc.upm.wave.xrsdk@5.1.0-r.15/Runtime/VIVEFocus3Controller.cs:33)
Wave.XR.VIVEFocus3Controller:.cctor () (at Library/PackageCache/com.htc.upm.wave.xrsdk@5.1.0-r.15/Runtime/VIVEFocus3Controller.cs:58)
System.Runtime.CompilerServices.RuntimeHelpers:RunClassConstructor (System.RuntimeTypeHandle)
UnityEditor.EditorAssemblies:ProcessInitializeOnLoadAttributes (System.Type[])

(Filename: Library/PackageCache/com.htc.upm.wave.xrsdk@5.1.0-r.15/Runtime/VIVEFocus3Controller.cs Line: 33)

Wave.XR.VIVEFocus3HMD VIVEFocus3HMD()
UnityEngine.StackTraceUtility:ExtractStackTrace ()
UnityEngine.DebugLogHandler:LogFormat (UnityEngine.LogType,UnityEngine.Object,string,object[])
UnityEngine.Logger:Log (UnityEngine.LogType,object)
UnityEngine.Debug:Log (object)
Wave.XR.VIVEFocus3HMD:DEBUG (string) (at Library/PackageCache/com.htc.upm.wave.xrsdk@5.1.0-r.15/Runtime/VIVEFocus3HMD.cs:33)
Wave.XR.VIVEFocus3HMD:.cctor () (at Library/PackageCache/com.htc.upm.wave.xrsdk@5.1.0-r.15/Runtime/VIVEFocus3HMD.cs:51)
System.Runtime.CompilerServices.RuntimeHelpers:RunClassConstructor (System.RuntimeTypeHandle)
UnityEditor.EditorAssemblies:ProcessInitializeOnLoadAttributes (System.Type[])

(Filename: Library/PackageCache/com.htc.upm.wave.xrsdk@5.1.0-r.15/Runtime/VIVEFocus3HMD.cs Line: 33)

InteractionModeManagerSettings() registered EditorSceneManager.sceneOpened.
UnityEngine.StackTraceUtility:ExtractStackTrace ()
UnityEngine.DebugLogHandler:LogFormat (UnityEngine.LogType,UnityEngine.Object,string,object[])
UnityEngine.Logger:Log (UnityEngine.LogType,object)
UnityEngine.Debug:Log (object)
Wave.Essence.Interaction.Mode.Editor.InteractionModeManagerSettings:.cctor () (at Assets/Wave/Essence/Interaction/Mode/5.1.0-r.15/Editor/InteractionModeManagerEditor.cs:57)
System.Runtime.CompilerServices.RuntimeHelpers:RunClassConstructor (System.RuntimeTypeHandle)
UnityEditor.EditorAssemblies:ProcessInitializeOnLoadAttributes (System.Type[])

(Filename: Assets/Wave/Essence/Interaction/Mode/5.1.0-r.15/Editor/InteractionModeManagerEditor.cs Line: 57)

PackageInfo()
UnityEngine.StackTraceUtility:ExtractStackTrace ()
UnityEngine.DebugLogHandler:LogFormat (UnityEngine.LogType,UnityEngine.Object,string,object[])
UnityEngine.Logger:Log (UnityEngine.LogType,object)
UnityEngine.Debug:Log (object)
Wave.Essence.Editor.PackageInfo:.cctor () (at Library/PackageCache/com.htc.upm.wave.essence@5.1.0-r.15/Editor/EssenceSettingsProvider.cs:866)
System.Runtime.CompilerServices.RuntimeHelpers:RunClassConstructor (System.RuntimeTypeHandle)
UnityEditor.EditorAssemblies:ProcessInitializeOnLoadAttributes (System.Type[])

(Filename: Library/PackageCache/com.htc.upm.wave.essence@5.1.0-r.15/Editor/EssenceSettingsProvider.cs Line: 866)

Mono: successfully reloaded assembly
- Completed reload, in  5.828 seconds
Domain Reload Profiling:
	ReloadAssembly (5832ms)
		BeginReloadAssembly (523ms)
			ExecutionOrderSort (0ms)
			DisableScriptedObjects (15ms)
			BackupInstance (0ms)
			ReleaseScriptingObjects (0ms)
			CreateAndSetChildDomain (186ms)
		EndReloadAssembly (4905ms)
			LoadAssemblies (415ms)
			RebuildTransferFunctionScriptingTraits (0ms)
			SetupTypeCache (1545ms)
			ReleaseScriptCaches (8ms)
			RebuildScriptCaches (200ms)
			SetupLoadedEditorAssemblies (2469ms)
				LogAssemblyErrors (0ms)
				InitializePlatformSupportModulesInManaged (89ms)
				SetLoadedEditorAssemblies (3ms)
				RefreshPlugins (5ms)
				BeforeProcessingInitializeOnLoad (579ms)
				ProcessInitializeOnLoadAttributes (1431ms)
				ProcessInitializeOnLoadMethodAttributes (329ms)
				AfterProcessingInitializeOnLoad (31ms)
				EditorAssembliesLoaded (1ms)
			ExecutionOrderSort2 (0ms)
			AwakeInstancesAfterBackupRestoration (27ms)
Platform modules already initialized, skipping
Refreshing native plugins compatible for Editor in 13.77 ms, found 7 plugins.
Preloading 0 native plugins for Editor in 0.00 ms.
Unloading 6142 Unused Serialized files (Serialized files now loaded: 0)
Unloading 47 unused Assets / (1.1 MB). Loaded Objects now: 6712.
Memory consumption went from 242.8 MB to 241.6 MB.
Total: 8.866600 ms (FindLiveObjects: 1.003800 ms CreateObjectMapping: 0.550900 ms MarkObjects: 5.833100 ms  DeleteObjects: 1.475900 ms)

AssetImportParameters requested are different than current active one (requested -> active):
  custom:video-decoder-ogg-theora: a1e56fd34408186e4bbccfd4996cb3dc -> 
  custom:container-muxer-webm: aa71ff27fc2769a1b78a27578f13a17b -> 
  custom:container-demuxer-webm: 4f35f7cbe854078d1ac9338744f61a02 -> 
  custom:video-encoder-webm-vp8: eb34c28f22e8b96e1ab97ce403110664 -> 
  custom:audio-encoder-webm-vorbis: bf7c407c2cedff20999df2af8eb42d56 -> 
  custom:framework-win-MediaFoundation: 216162199b28c13a410421893ffa2e32 -> 
  custom:container-demuxer-ogg: 62fdf1f143b41e24485cea50d1cbac27 -> 
  custom:video-decoder-webm-vp8: 9c59270c3fd7afecdb556c50c9e8de78 -> 
  custom:audio-decoder-ogg-vorbis: bf7c407c2cedff20999df2af8eb42d56 -> 
========================================================================
Received Prepare
Refreshing native plugins compatible for Editor in 24.10 ms, found 7 plugins.
Preloading 0 native plugins for Editor in 0.00 ms.
Unloading 48 Unused Serialized files (Serialized files now loaded: 0)
Unloading 48 unused Assets / (1.1 MB). Loaded Objects now: 6712.
Memory consumption went from 110.6 MB to 109.5 MB.
Total: 14.547800 ms (FindLiveObjects: 1.244700 ms CreateObjectMapping: 1.086900 ms MarkObjects: 10.676700 ms  DeleteObjects: 1.536400 ms)

AssetImportParameters requested are different than current active one (requested -> active):
  custom:video-decoder-ogg-theora: a1e56fd34408186e4bbccfd4996cb3dc -> 
  custom:container-muxer-webm: aa71ff27fc2769a1b78a27578f13a17b -> 
  custom:container-demuxer-webm: 4f35f7cbe854078d1ac9338744f61a02 -> 
  custom:video-encoder-webm-vp8: eb34c28f22e8b96e1ab97ce403110664 -> 
  custom:audio-encoder-webm-vorbis: bf7c407c2cedff20999df2af8eb42d56 -> 
  custom:framework-win-MediaFoundation: 216162199b28c13a410421893ffa2e32 -> 
  custom:container-demuxer-ogg: 62fdf1f143b41e24485cea50d1cbac27 -> 
  custom:video-decoder-webm-vp8: 9c59270c3fd7afecdb556c50c9e8de78 -> 
  custom:audio-decoder-ogg-vorbis: bf7c407c2cedff20999df2af8eb42d56 -> 
========================================================================
Received Import Request.
  Time since last request: 240.780809 seconds.
  path: Assets/Scenes/GestureTest.unity
  artifactKey: Guid(8c231f3cdc40ef640aaccd461f98792f) Importer(815301076,1909f56bfc062723c751e8b465ee728b)
Start importing Assets/Scenes/GestureTest.unity using Guid(8c231f3cdc40ef640aaccd461f98792f) Importer(815301076,1909f56bfc062723c751e8b465ee728b)  -> (artifact id: 'dc09c5e68b424c01d0bde5ae2c4c3d78') in 0.008399 seconds 
========================================================================
Received Prepare
Refreshing native plugins compatible for Editor in 13.17 ms, found 7 plugins.
Preloading 0 native plugins for Editor in 0.00 ms.
Unloading 48 Unused Serialized files (Serialized files now loaded: 0)
Unloading 48 unused Assets / (1.1 MB). Loaded Objects now: 6712.
Memory consumption went from 110.6 MB to 109.5 MB.
Total: 15.287100 ms (FindLiveObjects: 0.744200 ms CreateObjectMapping: 0.510400 ms MarkObjects: 5.121900 ms  DeleteObjects: 8.908100 ms)

AssetImportParameters requested are different than current active one (requested -> active):
  custom:video-decoder-ogg-theora: a1e56fd34408186e4bbccfd4996cb3dc -> 
  custom:container-muxer-webm: aa71ff27fc2769a1b78a27578f13a17b -> 
  custom:container-demuxer-webm: 4f35f7cbe854078d1ac9338744f61a02 -> 
  custom:video-encoder-webm-vp8: eb34c28f22e8b96e1ab97ce403110664 -> 
  custom:audio-encoder-webm-vorbis: bf7c407c2cedff20999df2af8eb42d56 -> 
  custom:framework-win-MediaFoundation: 216162199b28c13a410421893ffa2e32 -> 
  custom:container-demuxer-ogg: 62fdf1f143b41e24485cea50d1cbac27 -> 
  custom:video-decoder-webm-vp8: 9c59270c3fd7afecdb556c50c9e8de78 -> 
  custom:audio-decoder-ogg-vorbis: bf7c407c2cedff20999df2af8eb42d56 -> 
========================================================================
Received Prepare
Registering precompiled user dll's ...
Registered in 0.036048 seconds.
ArgumentException: An item with the same key has already been added. Key: 00000000000000000000000000000000
  at System.Collections.Generic.Dictionary`2[TKey,TValue].TryInsert (TKey key, TValue value, System.Collections.Generic.InsertionBehavior behavior) [0x0015a] in <75633565436c42f0a6426b33f0132ade>:0 
  at System.Collections.Generic.Dictionary`2[TKey,TValue].Add (TKey key, TValue value) [0x00000] in <75633565436c42f0a6426b33f0132ade>:0 
  at System.Linq.Enumerable.ToDictionary[TSource,TKey] (TSource[] source, System.Func`2[T,TResult] keySelector, System.Collections.Generic.IEqualityComparer`1[T] comparer) [0x0001c] in <1c318258bf0843289b0e2cbe692fee39>:0 
  at System.Linq.Enumerable.ToDictionary[TSource,TKey] (System.Collections.Generic.IEnumerable`1[T] source, System.Func`2[T,TResult] keySelector, System.Collections.Generic.IEqualityComparer`1[T] comparer) [0x00043] in <1c318258bf0843289b0e2cbe692fee39>:0 
  at System.Linq.Enumerable.ToDictionary[TSource,TKey] (System.Collections.Generic.IEnumerable`1[T] source, System.Func`2[T,TResult] keySelector) [0x00000] in <1c318258bf0843289b0e2cbe692fee39>:0 
  at UnityEditor.Scripting.ScriptCompilation.LoadingAssemblyDefinition.SetAllCustomScriptAssemblyReferenceJsonsContents (System.String[] paths, System.String[] contents) [0x00172] in <11d97693183d4a6bb35c29ae7882c66b>:0 
UnityEngine.DebugLogHandler:Internal_LogException(Exception, Object)
UnityEngine.DebugLogHandler:LogException(Exception, Object)
UnityEngine.Logger:LogException(Exception, Object)
UnityEngine.Debug:LogException(Exception)
UnityEditor.Scripting.ScriptCompilation.EditorCompilationInterface:LogException(Exception)
UnityEditor.Scripting.ScriptCompilation.EditorCompilationInterface:EmitExceptionsAsErrors(Exception[])
UnityEditor.Scripting.ScriptCompilation.EditorCompilationInterface:SetAllCustomScriptAssemblyReferenceJsons(String[], String[])

ArgumentException: An item with the same key has already been added. Key: 00000000000000000000000000000000
  at System.Collections.Generic.Dictionary`2[TKey,TValue].TryInsert (TKey key, TValue value, System.Collections.Generic.InsertionBehavior behavior) [0x0015a] in <75633565436c42f0a6426b33f0132ade>:0 
  at System.Collections.Generic.Dictionary`2[TKey,TValue].Add (TKey key, TValue value) [0x00000] in <75633565436c42f0a6426b33f0132ade>:0 
  at System.Linq.Enumerable.ToDictionary[TSource,TKey] (TSource[] source, System.Func`2[T,TResult] keySelector, System.Collections.Generic.IEqualityComparer`1[T] comparer) [0x0001c] in <1c318258bf0843289b0e2cbe692fee39>:0 
  at System.Linq.Enumerable.ToDictionary[TSource,TKey] (System.Collections.Generic.IEnumerable`1[T] source, System.Func`2[T,TResult] keySelector, System.Collections.Generic.IEqualityComparer`1[T] comparer) [0x00043] in <1c318258bf0843289b0e2cbe692fee39>:0 
  at System.Linq.Enumerable.ToDictionary[TSource,TKey] (System.Collections.Generic.IEnumerable`1[T] source, System.Func`2[T,TResult] keySelector) [0x00000] in <1c318258bf0843289b0e2cbe692fee39>:0 
  at UnityEditor.Scripting.ScriptCompilation.LoadingAssemblyDefinition.SetAllCustomScriptAssemblyReferenceJsonsContents (System.String[] paths, System.String[] contents) [0x00172] in <11d97693183d4a6bb35c29ae7882c66b>:0 
UnityEngine.DebugLogHandler:Internal_LogException(Exception, Object)
UnityEngine.DebugLogHandler:LogException(Exception, Object)
UnityEngine.Logger:LogException(Exception, Object)
UnityEngine.Debug:LogException(Exception)
UnityEditor.Scripting.ScriptCompilation.EditorCompilationInterface:LogException(Exception)
UnityEditor.Scripting.ScriptCompilation.EditorCompilationInterface:EmitExceptionsAsErrors(Exception[])
UnityEditor.Scripting.ScriptCompilation.EditorCompilationInterface:SetAllCustomScriptAssemblyReferenceJsons(String[], String[])

ArgumentException: An item with the same key has already been added. Key: 00000000000000000000000000000000
  at System.Collections.Generic.Dictionary`2[TKey,TValue].TryInsert (TKey key, TValue value, System.Collections.Generic.InsertionBehavior behavior) [0x0015a] in <75633565436c42f0a6426b33f0132ade>:0 
  at System.Collections.Generic.Dictionary`2[TKey,TValue].Add (TKey key, TValue value) [0x00000] in <75633565436c42f0a6426b33f0132ade>:0 
  at System.Linq.Enumerable.ToDictionary[TSource,TKey] (TSource[] source, System.Func`2[T,TResult] keySelector, System.Collections.Generic.IEqualityComparer`1[T] comparer) [0x0001c] in <1c318258bf0843289b0e2cbe692fee39>:0 
  at System.Linq.Enumerable.ToDictionary[TSource,TKey] (System.Collections.Generic.IEnumerable`1[T] source, System.Func`2[T,TResult] keySelector, System.Collections.Generic.IEqualityComparer`1[T] comparer) [0x00043] in <1c318258bf0843289b0e2cbe692fee39>:0 
  at System.Linq.Enumerable.ToDictionary[TSource,TKey] (System.Collections.Generic.IEnumerable`1[T] source, System.Func`2[T,TResult] keySelector) [0x00000] in <1c318258bf0843289b0e2cbe692fee39>:0 
  at UnityEditor.Scripting.ScriptCompilation.LoadingAssemblyDefinition.SetAllCustomScriptAssemblyReferenceJsonsContents (System.String[] paths, System.String[] contents) [0x00172] in <11d97693183d4a6bb35c29ae7882c66b>:0 
UnityEngine.DebugLogHandler:Internal_LogException(Exception, Object)
UnityEngine.DebugLogHandler:LogException(Exception, Object)
UnityEngine.Logger:LogException(Exception, Object)
UnityEngine.Debug:LogException(Exception)
UnityEditor.Scripting.ScriptCompilation.EditorCompilationInterface:LogException(Exception)
UnityEditor.Scripting.ScriptCompilation.EditorCompilationInterface:EmitExceptionsAsErrors(Exception[])
UnityEditor.Scripting.ScriptCompilation.EditorCompilationInterface:SetAllCustomScriptAssemblyReferenceJsons(String[], String[])

ArgumentException: An item with the same key has already been added. Key: 00000000000000000000000000000000
  at System.Collections.Generic.Dictionary`2[TKey,TValue].TryInsert (TKey key, TValue value, System.Collections.Generic.InsertionBehavior behavior) [0x0015a] in <75633565436c42f0a6426b33f0132ade>:0 
  at System.Collections.Generic.Dictionary`2[TKey,TValue].Add (TKey key, TValue value) [0x00000] in <75633565436c42f0a6426b33f0132ade>:0 
  at System.Linq.Enumerable.ToDictionary[TSource,TKey] (TSource[] source, System.Func`2[T,TResult] keySelector, System.Collections.Generic.IEqualityComparer`1[T] comparer) [0x0001c] in <1c318258bf0843289b0e2cbe692fee39>:0 
  at System.Linq.Enumerable.ToDictionary[TSource,TKey] (System.Collections.Generic.IEnumerable`1[T] source, System.Func`2[T,TResult] keySelector, System.Collections.Generic.IEqualityComparer`1[T] comparer) [0x00043] in <1c318258bf0843289b0e2cbe692fee39>:0 
  at System.Linq.Enumerable.ToDictionary[TSource,TKey] (System.Collections.Generic.IEnumerable`1[T] source, System.Func`2[T,TResult] keySelector) [0x00000] in <1c318258bf0843289b0e2cbe692fee39>:0 
  at UnityEditor.Scripting.ScriptCompilation.LoadingAssemblyDefinition.SetAllCustomScriptAssemblyReferenceJsonsContents (System.String[] paths, System.String[] contents) [0x00172] in <11d97693183d4a6bb35c29ae7882c66b>:0 
UnityEngine.DebugLogHandler:Internal_LogException(Exception, Object)
UnityEngine.DebugLogHandler:LogException(Exception, Object)
UnityEngine.Logger:LogException(Exception, Object)
UnityEngine.Debug:LogException(Exception)
UnityEditor.Scripting.ScriptCompilation.EditorCompilationInterface:LogException(Exception)
UnityEditor.Scripting.ScriptCompilation.EditorCompilationInterface:EmitExceptionsAsErrors(Exception[])
UnityEditor.Scripting.ScriptCompilation.EditorCompilationInterface:SetAllCustomScriptAssemblyReferenceJsons(String[], String[])

Begin MonoManager ReloadAssembly
Symbol file LoadedFromMemory doesn't match image C:\Users\Onur\MIT_Reality_Hack\Library\PackageCache\com.unity.visualscripting@1.7.8\Editor\VisualScripting.Core\Dependencies\DotNetZip\Unity.VisualScripting.IonicZip.dll
Symbol file LoadedFromMemory doesn't match image C:\Users\Onur\MIT_Reality_Hack\Library\PackageCache\com.unity.visualscripting@1.7.8\Editor\VisualScripting.Core\Dependencies\YamlDotNet\Unity.VisualScripting.YamlDotNet.dll
Native extension for WindowsStandalone target not found
Native extension for Android target not found
